#! /usr/share/iverilog-0.9.7/bin/vvp
:ivl_version "0.9.7 " "(v0_9_6)";
:vpi_time_precision + 0;
:vpi_module "system";
:vpi_module "v2005_math";
:vpi_module "va_math";
S_0x26b7c60 .scope module, "andgate_tb" "andgate_tb" 2 6;
 .timescale 0 0;
v0x26c7d20_0 .var "tb_a", 0 0;
v0x26c7df0_0 .var "tb_b", 0 0;
v0x26c7ea0_0 .net "tb_y", 0 0, L_0x26c7f50; 1 drivers
S_0x26b7d50 .scope module, "any_label" "andgate" 2 10, 3 2, S_0x26b7c60;
 .timescale 0 0;
L_0x26c7f50/d .functor XOR 1, v0x26c7d20_0, v0x26c7df0_0, C4<0>, C4<0>;
L_0x26c7f50 .delay (3,4,5) L_0x26c7f50/d;
v0x26953d0_0 .net "a", 0 0, v0x26c7d20_0; 1 drivers
v0x26c7be0_0 .net "b", 0 0, v0x26c7df0_0; 1 drivers
v0x26c7c80_0 .alias "y", 0 0, v0x26c7ea0_0;
    .scope S_0x26b7c60;
T_0 ;
    %vpi_call 2 14 "$monitor", v0x26c7d20_0, v0x26c7df0_0, v0x26c7ea0_0;
    %vpi_call 2 15 "$dumpfile", "dump.vcd";
    %vpi_call 2 15 "$dumpvars";
    %set/v v0x26c7d20_0, 0, 1;
    %set/v v0x26c7df0_0, 0, 1;
    %delay 5, 0;
    %set/v v0x26c7d20_0, 0, 1;
    %set/v v0x26c7df0_0, 1, 1;
    %delay 5, 0;
    %set/v v0x26c7d20_0, 1, 1;
    %set/v v0x26c7df0_0, 0, 1;
    %delay 5, 0;
    %set/v v0x26c7d20_0, 1, 1;
    %set/v v0x26c7df0_0, 1, 1;
    %delay 5, 0;
    %vpi_call 2 33 "$finish";
    %end;
    .thread T_0;
# The file index is used to find the file name in the following table.
:file_names 4;
    "N/A";
    "<interactive>";
    "testbench.sv";
    "design.sv";
