#! /usr/share/iverilog-0.9.7/bin/vvp
:ivl_version "0.9.7 " "(v0_9_6)";
:vpi_time_precision + 0;
:vpi_module "system";
:vpi_module "v2005_math";
:vpi_module "va_math";
S_0x146aa90 .scope module, "tb_DFF" "tb_DFF" 2 1;
 .timescale 0 0;
v0x147c6c0_0 .var "J", 0 0;
v0x147c790_0 .var "K", 0 0;
v0x147c840_0 .net "Q", 0 0, v0x147c570_0; 1 drivers
v0x147c8f0_0 .var "clk", 0 0;
S_0x146ab80 .scope module, "dut" "DFF" 2 6, 3 1, S_0x146aa90;
 .timescale 0 0;
v0x1448570_0 .net "J", 0 0, v0x147c6c0_0; 1 drivers
v0x147c4d0_0 .net "K", 0 0, v0x147c790_0; 1 drivers
v0x147c570_0 .var "Q", 0 0;
v0x147c610_0 .net "clk", 0 0, v0x147c8f0_0; 1 drivers
E_0x1446a10 .event edge, v0x147c610_0;
    .scope S_0x146ab80;
T_0 ;
    %wait E_0x1446a10;
    %load/v 8, v0x147c4d0_0, 1;
    %load/v 9, v0x1448570_0, 1;
    %cmpi/u 8, 0, 2;
    %jmp/1 T_0.0, 6;
    %cmpi/u 8, 1, 2;
    %jmp/1 T_0.1, 6;
    %cmpi/u 8, 2, 2;
    %jmp/1 T_0.2, 6;
    %cmpi/u 8, 3, 2;
    %jmp/1 T_0.3, 6;
    %jmp T_0.4;
T_0.0 ;
    %load/v 8, v0x147c570_0, 1;
    %ix/load 0, 1, 0;
    %assign/v0 v0x147c570_0, 0, 8;
    %jmp T_0.4;
T_0.1 ;
    %ix/load 0, 1, 0;
    %assign/v0 v0x147c570_0, 0, 0;
    %jmp T_0.4;
T_0.2 ;
    %ix/load 0, 1, 0;
    %assign/v0 v0x147c570_0, 0, 1;
    %jmp T_0.4;
T_0.3 ;
    %load/v 8, v0x147c570_0, 1;
    %inv 8, 1;
    %ix/load 0, 1, 0;
    %assign/v0 v0x147c570_0, 0, 8;
    %jmp T_0.4;
T_0.4 ;
    %jmp T_0;
    .thread T_0, $push;
    .scope S_0x146aa90;
T_1 ;
    %set/v v0x147c8f0_0, 1, 1;
    %vpi_call 2 11 "$monitor", "Time = %2d,%b,%b,%b", $time, v0x147c6c0_0, v0x147c790_0, v0x147c840_0;
T_1.0 ;
    %delay 10, 0;
    %load/v 8, v0x147c8f0_0, 1;
    %inv 8, 1;
    %set/v v0x147c8f0_0, 8, 1;
    %jmp T_1.0;
    %end;
    .thread T_1;
    .scope S_0x146aa90;
T_2 ;
    %vpi_call 2 18 "$dumpfile", "dump.vcd";
    %vpi_call 2 18 "$dumpvars";
    %ix/load 0, 1, 0;
    %assign/v0 v0x147c6c0_0, 0, 0;
    %ix/load 0, 1, 0;
    %assign/v0 v0x147c790_0, 0, 0;
    %delay 20, 0;
    %ix/load 0, 1, 0;
    %assign/v0 v0x147c6c0_0, 0, 0;
    %ix/load 0, 1, 0;
    %assign/v0 v0x147c790_0, 0, 1;
    %delay 20, 0;
    %ix/load 0, 1, 0;
    %assign/v0 v0x147c6c0_0, 0, 1;
    %ix/load 0, 1, 0;
    %assign/v0 v0x147c790_0, 0, 0;
    %delay 20, 0;
    %ix/load 0, 1, 0;
    %assign/v0 v0x147c6c0_0, 0, 1;
    %ix/load 0, 1, 0;
    %assign/v0 v0x147c790_0, 0, 1;
    %delay 20, 0;
    %vpi_call 2 38 "$finish";
    %end;
    .thread T_2;
# The file index is used to find the file name in the following table.
:file_names 4;
    "N/A";
    "<interactive>";
    "testbench.sv";
    "design.sv";
