#! /usr/share/iverilog-0.9.7/bin/vvp
:ivl_version "0.9.7 " "(v0_9_6)";
:vpi_time_precision + 0;
:vpi_module "system";
:vpi_module "v2005_math";
:vpi_module "va_math";
S_0x1f20cc0 .scope module, "tb_DFF" "tb_DFF" 2 3;
 .timescale 0 0;
v0x1f30a00_0 .var "D", 0 0;
v0x1f30ad0_0 .net "Q", 0 0, v0x1f308c0_0; 1 drivers
v0x1f30b80_0 .var "clk", 0 0;
S_0x1f20db0 .scope module, "dut" "DFF" 2 9, 3 2, S_0x1f20cc0;
 .timescale 0 0;
v0x1efd360_0 .net "D", 0 0, v0x1f30a00_0; 1 drivers
v0x1f308c0_0 .var "Q", 0 0;
v0x1f30960_0 .net "clk", 0 0, v0x1f30b80_0; 1 drivers
E_0x1efd4d0 .event negedge, v0x1f30960_0;
    .scope S_0x1f20db0;
T_0 ;
    %wait E_0x1efd4d0;
    %load/v 8, v0x1efd360_0, 1;
    %ix/load 0, 1, 0;
    %assign/v0 v0x1f308c0_0, 0, 8;
    %jmp T_0;
    .thread T_0;
    .scope S_0x1f20cc0;
T_1 ;
    %set/v v0x1f30b80_0, 1, 1;
T_1.0 ;
    %delay 10, 0;
    %load/v 8, v0x1f30b80_0, 1;
    %inv 8, 1;
    %set/v v0x1f30b80_0, 8, 1;
    %jmp T_1.0;
    %end;
    .thread T_1;
    .scope S_0x1f20cc0;
T_2 ;
    %vpi_call 2 20 "$dumpfile", "dump.vcd";
    %vpi_call 2 20 "$dumpvars";
    %ix/load 0, 1, 0;
    %assign/v0 v0x1f30a00_0, 0, 1;
    %delay 30, 0;
    %ix/load 0, 1, 0;
    %assign/v0 v0x1f30a00_0, 0, 0;
    %delay 30, 0;
    %ix/load 0, 1, 0;
    %assign/v0 v0x1f30a00_0, 0, 1;
    %delay 30, 0;
    %delay 5, 0;
    %vpi_call 2 37 "$finish";
    %end;
    .thread T_2;
# The file index is used to find the file name in the following table.
:file_names 4;
    "N/A";
    "<interactive>";
    "testbench.sv";
    "design.sv";
