#! /usr/share/iverilog-0.9.7/bin/vvp
:ivl_version "0.9.7 " "(v0_9_6)";
:vpi_time_precision + 0;
:vpi_module "system";
:vpi_module "v2005_math";
:vpi_module "va_math";
S_0x135f8f0 .scope module, "TENC" "TENC" 2 3;
 .timescale 0 0;
v0x137b510_0 .var/i "j", 31 0;
v0x137b590_0 .var "ta", 2 0;
v0x137b610_0 .var "ti", 0 0;
v0x137b690_0 .net "to", 0 0, L_0x137da50; 1 drivers
RS_0x7fee9b1dd738 .resolv tri, L_0x137b820, L_0x137c660, L_0x137cd50, C4<zzz>;
v0x137b770_0 .net8 "ty", 2 0, RS_0x7fee9b1dd738; 3 drivers
S_0x135f9e0 .scope module, "dut" "seq" 2 10, 3 2, S_0x135f8f0;
 .timescale 0 0;
L_0x137a010 .functor NOT 1, L_0x137b9e0, C4<0>, C4<0>, C4<0>;
L_0x137bb00 .functor AND 1, L_0x137b8c0, L_0x137a010, C4<1>, C4<1>;
L_0x137bd30 .functor NOT 1, L_0x137bc00, C4<0>, C4<0>, C4<0>;
L_0x137bdc0 .functor AND 1, L_0x137bb00, L_0x137bd30, C4<1>, C4<1>;
L_0x137bf60 .functor NOT 1, L_0x137bec0, C4<0>, C4<0>, C4<0>;
L_0x137c0e0 .functor AND 1, L_0x137bf60, L_0x137c040, C4<1>, C4<1>;
L_0x137c2c0 .functor AND 1, L_0x137c0e0, L_0x137c220, C4<1>, C4<1>;
L_0x137c3c0 .functor OR 1, L_0x137bdc0, L_0x137c2c0, C4<0>, C4<0>;
L_0x137c510 .functor AND 1, v0x137b610_0, L_0x137c3c0, C4<1>, C4<1>;
L_0x137bca0 .functor NOT 1, L_0x137c750, C4<0>, C4<0>, C4<0>;
L_0x137c9b0 .functor AND 1, v0x137b610_0, L_0x137bca0, C4<1>, C4<1>;
L_0x137cbb0 .functor XOR 1, L_0x137ca10, L_0x137cb10, C4<0>, C4<0>;
L_0x137c950 .functor AND 1, L_0x137c9b0, L_0x137cbb0, C4<1>, C4<1>;
L_0x137cab0 .functor NOT 1, L_0x137cef0, C4<0>, C4<0>, C4<0>;
L_0x137d010 .functor AND 1, v0x137b610_0, L_0x137cab0, C4<1>, C4<1>;
L_0x137d220 .functor NOT 1, L_0x137d100, C4<0>, C4<0>, C4<0>;
L_0x137d360 .functor AND 1, L_0x137d010, L_0x137d220, C4<1>, C4<1>;
L_0x137d550 .functor AND 1, v0x137b610_0, L_0x137d4b0, C4<1>, C4<1>;
L_0x137d740 .functor NOT 1, L_0x137d6a0, C4<0>, C4<0>, C4<0>;
L_0x137d7f0 .functor AND 1, L_0x137d550, L_0x137d740, C4<1>, C4<1>;
L_0x137d9a0 .functor NOT 1, L_0x137d600, C4<0>, C4<0>, C4<0>;
L_0x137da50 .functor AND 1, L_0x137d7f0, L_0x137d9a0, C4<1>, C4<1>;
v0x135fad0_0 .net *"_s11", 0 0, L_0x137bc00; 1 drivers
v0x13799f0_0 .net *"_s12", 0 0, L_0x137bd30; 1 drivers
v0x1379a90_0 .net *"_s14", 0 0, L_0x137bdc0; 1 drivers
v0x1379b30_0 .net *"_s17", 0 0, L_0x137bec0; 1 drivers
v0x1379be0_0 .net *"_s18", 0 0, L_0x137bf60; 1 drivers
v0x1379c80_0 .net *"_s21", 0 0, L_0x137c040; 1 drivers
v0x1379d60_0 .net *"_s22", 0 0, L_0x137c0e0; 1 drivers
v0x1379e00_0 .net *"_s25", 0 0, L_0x137c220; 1 drivers
v0x1379ef0_0 .net *"_s26", 0 0, L_0x137c2c0; 1 drivers
v0x1379f90_0 .net *"_s28", 0 0, L_0x137c3c0; 1 drivers
v0x137a090_0 .net *"_s3", 0 0, L_0x137b8c0; 1 drivers
v0x137a130_0 .net *"_s30", 0 0, L_0x137c510; 1 drivers
v0x137a240_0 .net *"_s35", 0 0, L_0x137c750; 1 drivers
v0x137a2e0_0 .net *"_s36", 0 0, L_0x137bca0; 1 drivers
v0x137a400_0 .net *"_s38", 0 0, L_0x137c9b0; 1 drivers
v0x137a4a0_0 .net *"_s41", 0 0, L_0x137ca10; 1 drivers
v0x137a360_0 .net *"_s43", 0 0, L_0x137cb10; 1 drivers
v0x137a5f0_0 .net *"_s44", 0 0, L_0x137cbb0; 1 drivers
v0x137a710_0 .net *"_s46", 0 0, L_0x137c950; 1 drivers
v0x137a790_0 .net *"_s5", 0 0, L_0x137b9e0; 1 drivers
v0x137a670_0 .net *"_s51", 0 0, L_0x137cef0; 1 drivers
v0x137a8c0_0 .net *"_s52", 0 0, L_0x137cab0; 1 drivers
v0x137a810_0 .net *"_s54", 0 0, L_0x137d010; 1 drivers
v0x137aa00_0 .net *"_s57", 0 0, L_0x137d100; 1 drivers
v0x137a960_0 .net *"_s58", 0 0, L_0x137d220; 1 drivers
v0x137ab50_0 .net *"_s6", 0 0, L_0x137a010; 1 drivers
v0x137aaa0_0 .net *"_s60", 0 0, L_0x137d360; 1 drivers
v0x137acb0_0 .net *"_s63", 0 0, L_0x137d4b0; 1 drivers
v0x137abf0_0 .net *"_s64", 0 0, L_0x137d550; 1 drivers
v0x137ae20_0 .net *"_s67", 0 0, L_0x137d6a0; 1 drivers
v0x137ad30_0 .net *"_s68", 0 0, L_0x137d740; 1 drivers
v0x137afa0_0 .net *"_s70", 0 0, L_0x137d7f0; 1 drivers
v0x137aea0_0 .net *"_s73", 0 0, L_0x137d600; 1 drivers
v0x137b130_0 .net *"_s74", 0 0, L_0x137d9a0; 1 drivers
v0x137b020_0 .net *"_s8", 0 0, L_0x137bb00; 1 drivers
v0x137b2d0_0 .net "a", 2 0, v0x137b590_0; 1 drivers
v0x137b1b0_0 .net "i", 0 0, v0x137b610_0; 1 drivers
v0x137b250_0 .alias "o", 0 0, v0x137b690_0;
v0x137b490_0 .alias "y", 2 0, v0x137b770_0;
L_0x137b820 .part/pv L_0x137c510, 2, 1, 3;
L_0x137b8c0 .part v0x137b590_0, 2, 1;
L_0x137b9e0 .part v0x137b590_0, 1, 1;
L_0x137bc00 .part v0x137b590_0, 0, 1;
L_0x137bec0 .part v0x137b590_0, 2, 1;
L_0x137c040 .part v0x137b590_0, 1, 1;
L_0x137c220 .part v0x137b590_0, 0, 1;
L_0x137c660 .part/pv L_0x137c950, 1, 1, 3;
L_0x137c750 .part v0x137b590_0, 2, 1;
L_0x137ca10 .part v0x137b590_0, 1, 1;
L_0x137cb10 .part v0x137b590_0, 0, 1;
L_0x137cd50 .part/pv L_0x137d360, 0, 1, 3;
L_0x137cef0 .part v0x137b590_0, 2, 1;
L_0x137d100 .part v0x137b590_0, 0, 1;
L_0x137d4b0 .part v0x137b590_0, 2, 1;
L_0x137d6a0 .part v0x137b590_0, 1, 1;
L_0x137d600 .part v0x137b590_0, 0, 1;
    .scope S_0x135f8f0;
T_0 ;
    %vpi_call 2 14 "$monitor", "Time = %2d,%b,%b,%b,%b,%b,%b,%b,%b", $time, v0x137b610_0, &PV<v0x137b590_0, 2, 1>, &PV<v0x137b590_0, 1, 1>, &PV<v0x137b590_0, 0, 1>, &PV<v0x137b770_0, 2, 1>, &PV<v0x137b770_0, 1, 1>, &PV<v0x137b770_0, 0, 1>, v0x137b690_0;
    %vpi_call 2 16 "$dumpfile", "dump.vcd";
    %vpi_call 2 16 "$dumpvars";
    %set/v v0x137b510_0, 0, 32;
T_0.0 ;
    %load/v 8, v0x137b510_0, 32;
   %cmpi/s 8, 5, 32;
    %jmp/0xz T_0.1, 5;
    %load/v 8, v0x137b510_0, 32;
    %ix/load 0, 0, 0;
    %set/x0 v0x137b590_0, 8, 1;
    %ix/load 0, 1, 0;
    %set/x0 v0x137b590_0, 9, 1;
    %ix/load 0, 2, 0;
    %set/x0 v0x137b590_0, 10, 1;
    %set/v v0x137b610_0, 11, 1;
    %delay 5, 0;
    %ix/load 0, 1, 0;
    %load/vp0/s 8, v0x137b510_0, 32;
    %set/v v0x137b510_0, 8, 32;
    %jmp T_0.0;
T_0.1 ;
    %movi 8, 8, 32;
    %set/v v0x137b510_0, 8, 32;
T_0.2 ;
    %load/v 8, v0x137b510_0, 32;
   %cmpi/s 8, 13, 32;
    %jmp/0xz T_0.3, 5;
    %load/v 8, v0x137b510_0, 32;
    %ix/load 0, 0, 0;
    %set/x0 v0x137b590_0, 8, 1;
    %ix/load 0, 1, 0;
    %set/x0 v0x137b590_0, 9, 1;
    %ix/load 0, 2, 0;
    %set/x0 v0x137b590_0, 10, 1;
    %set/v v0x137b610_0, 11, 1;
    %delay 5, 0;
    %ix/load 0, 1, 0;
    %load/vp0/s 8, v0x137b510_0, 32;
    %set/v v0x137b510_0, 8, 32;
    %jmp T_0.2;
T_0.3 ;
    %vpi_call 2 27 "$finish";
    %end;
    .thread T_0;
# The file index is used to find the file name in the following table.
:file_names 4;
    "N/A";
    "<interactive>";
    "testbench.sv";
    "design.sv";
