#! /usr/share/iverilog-0.9.7/bin/vvp
:ivl_version "0.9.7 " "(v0_9_6)";
:vpi_time_precision + 0;
:vpi_module "system";
:vpi_module "v2005_math";
:vpi_module "va_math";
S_0x1c02480 .scope module, "TENC" "TENC" 2 3;
 .timescale 0 0;
v0x1c13550_0 .var/i "j", 31 0;
v0x1c13610_0 .net "ta", 1 0, v0x1be0390_0; 1 drivers
v0x1c136c0_0 .var "ty", 3 0;
S_0x1c02570 .scope module, "dut" "ENC" 2 8, 3 2, S_0x1c02480;
 .timescale 0 0;
v0x1be0390_0 .var "a", 1 0;
v0x1c134b0_0 .net "y", 3 0, v0x1c136c0_0; 1 drivers
E_0x1bde670 .event edge, v0x1c134b0_0;
    .scope S_0x1c02570;
T_0 ;
    %wait E_0x1bde670;
    %ix/load 1, 3, 0;
    %mov 4, 0, 1;
    %jmp/1 T_0.0, 4;
    %load/x1p 8, v0x1c134b0_0, 1;
    %jmp T_0.1;
T_0.0 ;
    %mov 8, 2, 1;
T_0.1 ;
; Save base=8 wid=1 in lookaside.
    %ix/load 1, 1, 0;
    %mov 4, 0, 1;
    %jmp/1 T_0.2, 4;
    %load/x1p 9, v0x1c134b0_0, 1;
    %jmp T_0.3;
T_0.2 ;
    %mov 9, 2, 1;
T_0.3 ;
; Save base=9 wid=1 in lookaside.
    %or 8, 9, 1;
    %ix/load 0, 0, 0;
    %set/x0 v0x1be0390_0, 8, 1;
    %ix/load 1, 3, 0;
    %mov 4, 0, 1;
    %jmp/1 T_0.4, 4;
    %load/x1p 8, v0x1c134b0_0, 1;
    %jmp T_0.5;
T_0.4 ;
    %mov 8, 2, 1;
T_0.5 ;
; Save base=8 wid=1 in lookaside.
    %ix/load 1, 2, 0;
    %mov 4, 0, 1;
    %jmp/1 T_0.6, 4;
    %load/x1p 9, v0x1c134b0_0, 1;
    %jmp T_0.7;
T_0.6 ;
    %mov 9, 2, 1;
T_0.7 ;
; Save base=9 wid=1 in lookaside.
    %or 8, 9, 1;
    %ix/load 0, 1, 0;
    %set/x0 v0x1be0390_0, 8, 1;
    %jmp T_0;
    .thread T_0, $push;
    .scope S_0x1c02480;
T_1 ;
    %vpi_call 2 12 "$monitor", "@ time : %2dns input is: %b and output is:%b", $time, v0x1c136c0_0, v0x1c13610_0;
    %vpi_call 2 14 "$dumpfile", "dump.vcd";
    %vpi_call 2 14 "$dumpvars";
    %set/v v0x1c13550_0, 0, 32;
T_1.0 ;
    %load/v 8, v0x1c13550_0, 32;
   %cmpi/s 8, 4, 32;
    %jmp/0xz T_1.1, 5;
    %movi 8, 2, 32;
    %load/v 40, v0x1c13550_0, 32;
    %pow/s 8, 40, 32;
    %ix/load 0, 0, 0;
    %set/x0 v0x1c136c0_0, 8, 1;
    %ix/load 0, 1, 0;
    %set/x0 v0x1c136c0_0, 9, 1;
    %ix/load 0, 2, 0;
    %set/x0 v0x1c136c0_0, 10, 1;
    %ix/load 0, 3, 0;
    %set/x0 v0x1c136c0_0, 11, 1;
    %delay 5, 0;
    %ix/load 0, 1, 0;
    %load/vp0/s 8, v0x1c13550_0, 32;
    %set/v v0x1c13550_0, 8, 32;
    %jmp T_1.0;
T_1.1 ;
    %vpi_call 2 20 "$finish";
    %end;
    .thread T_1;
# The file index is used to find the file name in the following table.
:file_names 4;
    "N/A";
    "<interactive>";
    "testbench.sv";
    "design.sv";
