#! /usr/share/iverilog-0.9.7/bin/vvp
:ivl_version "0.9.7 " "(v0_9_6)";
:vpi_time_precision + 0;
:vpi_module "system";
:vpi_module "v2005_math";
:vpi_module "va_math";
S_0x9fa2e0 .scope module, "primitive_tb" "primitive_tb" 2 1;
 .timescale 0 0;
v0xa09dc0_0 .var/i "i", 31 0;
v0xa09e80_0 .var "ta", 0 0;
v0xa09f30_0 .var "tb", 0 0;
v0xa09fe0_0 .net "tout", 0 0, L_0xa0a0c0; 1 drivers
S_0x9fa3d0 .scope module, "dut" "comp" 2 5, 3 1, S_0x9fa2e0;
 .timescale 0 0;
UDP_comparator .udp/comb "comparator", 2
 ,"001"
 ,"010"
 ,"100"
 ,"111";
L_0xa0a0c0 .udp UDP_comparator, v0xa09e80_0, v0xa09f30_0;
v0x9d7580_0 .net "i1", 0 0, v0xa09e80_0; 1 drivers
v0xa09c80_0 .net "i2", 0 0, v0xa09f30_0; 1 drivers
v0xa09d20_0 .alias "y", 0 0, v0xa09fe0_0;
    .scope S_0x9fa2e0;
T_0 ;
    %vpi_call 2 8 "$monitor", "TIME @ %2d:f(%b,%b)=%b", $time, v0xa09e80_0, v0xa09f30_0, v0xa09fe0_0;
    %vpi_call 2 9 "$dumpfile", "dump.vcd";
    %vpi_call 2 9 "$dumpvars";
    %set/v v0xa09dc0_0, 0, 32;
T_0.0 ;
    %load/v 8, v0xa09dc0_0, 32;
   %cmpi/s 8, 4, 32;
    %jmp/0xz T_0.1, 5;
    %load/v 8, v0xa09dc0_0, 32;
    %set/v v0xa09f30_0, 8, 1;
    %set/v v0xa09e80_0, 9, 1;
    %delay 5, 0;
    %ix/load 0, 1, 0;
    %load/vp0/s 8, v0xa09dc0_0, 32;
    %set/v v0xa09dc0_0, 8, 32;
    %jmp T_0.0;
T_0.1 ;
    %vpi_call 2 15 "$finish";
    %end;
    .thread T_0;
# The file index is used to find the file name in the following table.
:file_names 4;
    "N/A";
    "<interactive>";
    "testbench.sv";
    "design.sv";
